app/build/intermediates/manifest_merge_blame_file/release/processReleaseMainManifest/manifest-merger-blame-release-report.txt
1<?xml version="1.0" encoding="utf-8"?>
2<manifest xmlns:android="http://schemas.android.com/apk/res/android"
3    package="com.example.markr"
4    android:versionCode="1"
5    android:versionName="2.3.0" >
6
7    <uses-sdk
8        android:minSdkVersion="24"
9        android:targetSdkVersion="36" />
10
11    <!-- Internet permission for API calls -->
12    <uses-permission android:name="android.permission.INTERNET" />
12-->src\main\AndroidManifest.xml:6:5-67
12-->src\main\AndroidManifest.xml:6:22-64
13    <uses-permission android:name="android.permission.ACCESS_NETWORK_STATE" />
13-->src\main\AndroidManifest.xml:7:5-79
13-->src\main\AndroidManifest.xml:7:22-76
14    <uses-permission android:name="android.permission.USE_BIOMETRIC" /> <!-- suppress DeprecatedClassUsageInspection -->
14-->[androidx.biometric:biometric:1.1.0] AndroidManifest.xml:24:5-72
14-->[androidx.biometric:biometric:1.1.0] AndroidManifest.xml:24:22-69
15    <uses-permission android:name="android.permission.USE_FINGERPRINT" />
15-->[androidx.biometric:biometric:1.1.0] AndroidManifest.xml:27:5-74
15-->[androidx.biometric:biometric:1.1.0] AndroidManifest.xml:27:22-71
16    <uses-permission android:name="android.permission.WAKE_LOCK" />
16-->[com.google.android.gms:play-services-measurement:21.5.0] AndroidManifest.xml:25:5-68
16-->[com.google.android.gms:play-services-measurement:21.5.0] AndroidManifest.xml:25:22-65
17    <uses-permission android:name="com.google.android.finsky.permission.BIND_GET_INSTALL_REFERRER_SERVICE" />
17-->[com.google.android.gms:play-services-measurement:21.5.0] AndroidManifest.xml:26:5-110
17-->[com.google.android.gms:play-services-measurement:21.5.0] AndroidManifest.xml:26:22-107
18    <uses-permission android:name="com.google.android.gms.permission.AD_ID" />
18-->[com.google.android.gms:play-services-measurement-api:21.5.0] AndroidManifest.xml:25:5-79
18-->[com.google.android.gms:play-services-measurement-api:21.5.0] AndroidManifest.xml:25:22-76
19    <uses-permission android:name="android.permission.ACCESS_ADSERVICES_ATTRIBUTION" />
19-->[com.google.android.gms:play-services-measurement-api:21.5.0] AndroidManifest.xml:26:5-88
19-->[com.google.android.gms:play-services-measurement-api:21.5.0] AndroidManifest.xml:26:22-85
20    <uses-permission android:name="android.permission.ACCESS_ADSERVICES_AD_ID" />
20-->[com.google.android.gms:play-services-measurement-api:21.5.0] AndroidManifest.xml:27:5-82
20-->[com.google.android.gms:play-services-measurement-api:21.5.0] AndroidManifest.xml:27:22-79
21
22    <permission
22-->[androidx.core:core:1.15.0] AndroidManifest.xml:22:5-24:47
23        android:name="com.example.markr.DYNAMIC_RECEIVER_NOT_EXPORTED_PERMISSION"
23-->[androidx.core:core:1.15.0] AndroidManifest.xml:23:9-81
24        android:protectionLevel="signature" />
24-->[androidx.core:core:1.15.0] AndroidManifest.xml:24:9-44
25
26    <uses-permission android:name="com.example.markr.DYNAMIC_RECEIVER_NOT_EXPORTED_PERMISSION" />
26-->[androidx.core:core:1.15.0] AndroidManifest.xml:26:5-97
26-->[androidx.core:core:1.15.0] AndroidManifest.xml:26:22-94
27
28    <application
28-->src\main\AndroidManifest.xml:9:5-40:19
29        android:name="com.example.markr.MarkrApplication"
29-->src\main\AndroidManifest.xml:10:9-41
30        android:allowBackup="true"
30-->src\main\AndroidManifest.xml:11:9-35
31        android:appComponentFactory="androidx.core.app.CoreComponentFactory"
31-->[androidx.core:core:1.15.0] AndroidManifest.xml:28:18-86
32        android:dataExtractionRules="@xml/data_extraction_rules"
32-->src\main\AndroidManifest.xml:12:9-65
33        android:extractNativeLibs="false"
34        android:fullBackupContent="@xml/backup_rules"
34-->src\main\AndroidManifest.xml:13:9-54
35        android:icon="@mipmap/ic_launcher"
35-->src\main\AndroidManifest.xml:14:9-43
36        android:label="@string/app_name"
36-->src\main\AndroidManifest.xml:15:9-41
37        android:roundIcon="@mipmap/ic_launcher_round"
37-->src\main\AndroidManifest.xml:16:9-54
38        android:supportsRtl="true"
38-->src\main\AndroidManifest.xml:17:9-35
39        android:theme="@style/Theme.Markr"
39-->src\main\AndroidManifest.xml:18:9-43
40        android:usesCleartextTraffic="true" >
40-->src\main\AndroidManifest.xml:19:9-44
41        <activity
41-->src\main\AndroidManifest.xml:20:9-29:20
42            android:name="com.example.markr.LoginActivity"
42-->src\main\AndroidManifest.xml:21:13-42
43            android:exported="true"
43-->src\main\AndroidManifest.xml:22:13-36
44            android:windowSoftInputMode="adjustResize" >
44-->src\main\AndroidManifest.xml:23:13-55
45            <intent-filter>
45-->src\main\AndroidManifest.xml:24:13-28:29
46                <action android:name="android.intent.action.MAIN" />
46-->src\main\AndroidManifest.xml:25:17-69
46-->src\main\AndroidManifest.xml:25:25-66
47
48                <category android:name="android.intent.category.LAUNCHER" />
48-->src\main\AndroidManifest.xml:27:17-77
48-->src\main\AndroidManifest.xml:27:27-74
49            </intent-filter>
50        </activity>
51        <activity
51-->src\main\AndroidManifest.xml:30:9-33:58
52            android:name="com.example.markr.SignUpActivity"
52-->src\main\AndroidManifest.xml:31:13-43
53            android:exported="false"
53-->src\main\AndroidManifest.xml:32:13-37
54            android:windowSoftInputMode="adjustResize" />
54-->src\main\AndroidManifest.xml:33:13-55
55        <activity
55-->src\main\AndroidManifest.xml:34:9-36:40
56            android:name="com.example.markr.ForgotPasswordActivity"
56-->src\main\AndroidManifest.xml:35:13-51
57            android:exported="false" />
57-->src\main\AndroidManifest.xml:36:13-37
58        <activity
58-->src\main\AndroidManifest.xml:37:9-39:40
59            android:name="com.example.markr.MainActivity"
59-->src\main\AndroidManifest.xml:38:13-41
60            android:exported="false" />
60-->src\main\AndroidManifest.xml:39:13-37
61
62        <service
62-->[androidx.credentials:credentials-play-services-auth:1.5.0] AndroidManifest.xml:24:9-32:19
63            android:name="androidx.credentials.playservices.CredentialProviderMetadataHolder"
63-->[androidx.credentials:credentials-play-services-auth:1.5.0] AndroidManifest.xml:25:13-94
64            android:enabled="true"
64-->[androidx.credentials:credentials-play-services-auth:1.5.0] AndroidManifest.xml:26:13-35
65            android:exported="false" >
65-->[androidx.credentials:credentials-play-services-auth:1.5.0] AndroidManifest.xml:27:13-37
66            <meta-data
66-->[androidx.credentials:credentials-play-services-auth:1.5.0] AndroidManifest.xml:29:13-31:104
67                android:name="androidx.credentials.CREDENTIAL_PROVIDER_KEY"
67-->[androidx.credentials:credentials-play-services-auth:1.5.0] AndroidManifest.xml:30:17-76
68                android:value="androidx.credentials.playservices.CredentialProviderPlayServicesImpl" />
68-->[androidx.credentials:credentials-play-services-auth:1.5.0] AndroidManifest.xml:31:17-101
69        </service>
70
71        <activity
71-->[androidx.credentials:credentials-play-services-auth:1.5.0] AndroidManifest.xml:34:9-41:20
72            android:name="androidx.credentials.playservices.HiddenActivity"
72-->[androidx.credentials:credentials-play-services-auth:1.5.0] AndroidManifest.xml:35:13-76
73            android:configChanges="orientation|screenSize|screenLayout|keyboardHidden"
73-->[androidx.credentials:credentials-play-services-auth:1.5.0] AndroidManifest.xml:36:13-87
74            android:enabled="true"
74-->[androidx.credentials:credentials-play-services-auth:1.5.0] AndroidManifest.xml:37:13-35
75            android:exported="false"
75-->[androidx.credentials:credentials-play-services-auth:1.5.0] AndroidManifest.xml:38:13-37
76            android:fitsSystemWindows="true"
76-->[androidx.credentials:credentials-play-services-auth:1.5.0] AndroidManifest.xml:39:13-45
77            android:theme="@style/Theme.Hidden" >
77-->[androidx.credentials:credentials-play-services-auth:1.5.0] AndroidManifest.xml:40:13-48
78        </activity>
79        <activity
79-->[androidx.credentials:credentials-play-services-auth:1.5.0] AndroidManifest.xml:42:9-49:20
80            android:name="androidx.credentials.playservices.IdentityCredentialApiHiddenActivity"
80-->[androidx.credentials:credentials-play-services-auth:1.5.0] AndroidManifest.xml:43:13-97
81            android:configChanges="orientation|screenSize|screenLayout|keyboardHidden"
81-->[androidx.credentials:credentials-play-services-auth:1.5.0] AndroidManifest.xml:44:13-87
82            android:enabled="true"
82-->[androidx.credentials:credentials-play-services-auth:1.5.0] AndroidManifest.xml:45:13-35
83            android:exported="false"
83-->[androidx.credentials:credentials-play-services-auth:1.5.0] AndroidManifest.xml:46:13-37
84            android:fitsSystemWindows="true"
84-->[androidx.credentials:credentials-play-services-auth:1.5.0] AndroidManifest.xml:47:13-45
85            android:theme="@style/Theme.Hidden" >
85-->[androidx.credentials:credentials-play-services-auth:1.5.0] AndroidManifest.xml:48:13-48
86        </activity>
87        <activity
87-->[com.google.android.gms:play-services-auth:21.2.0] AndroidManifest.xml:23:9-27:75
88            android:name="com.google.android.gms.auth.api.signin.internal.SignInHubActivity"
88-->[com.google.android.gms:play-services-auth:21.2.0] AndroidManifest.xml:24:13-93
89            android:excludeFromRecents="true"
89-->[com.google.android.gms:play-services-auth:21.2.0] AndroidManifest.xml:25:13-46
90            android:exported="false"
90-->[com.google.android.gms:play-services-auth:21.2.0] AndroidManifest.xml:26:13-37
91            android:theme="@android:style/Theme.Translucent.NoTitleBar" />
91-->[com.google.android.gms:play-services-auth:21.2.0] AndroidManifest.xml:27:13-72
92        <!--
93            Service handling Google Sign-In user revocation. For apps that do not integrate with
94            Google Sign-In, this service will never be started.
95        -->
96        <service
96-->[com.google.android.gms:play-services-auth:21.2.0] AndroidManifest.xml:33:9-37:51
97            android:name="com.google.android.gms.auth.api.signin.RevocationBoundService"
97-->[com.google.android.gms:play-services-auth:21.2.0] AndroidManifest.xml:34:13-89
98            android:exported="true"
98-->[com.google.android.gms:play-services-auth:21.2.0] AndroidManifest.xml:35:13-36
99            android:permission="com.google.android.gms.auth.api.signin.permission.REVOCATION_NOTIFICATION"
99-->[com.google.android.gms:play-services-auth:21.2.0] AndroidManifest.xml:36:13-107
100            android:visibleToInstantApps="true" />
100-->[com.google.android.gms:play-services-auth:21.2.0] AndroidManifest.xml:37:13-48
101
102        <activity
102-->[com.google.firebase:firebase-auth:22.3.0] AndroidManifest.xml:29:9-46:20
103            android:name="com.google.firebase.auth.internal.GenericIdpActivity"
103-->[com.google.firebase:firebase-auth:22.3.0] AndroidManifest.xml:30:13-80
104            android:excludeFromRecents="true"
104-->[com.google.firebase:firebase-auth:22.3.0] AndroidManifest.xml:31:13-46
105            android:exported="true"
105-->[com.google.firebase:firebase-auth:22.3.0] AndroidManifest.xml:32:13-36
106            android:launchMode="singleTask"
106-->[com.google.firebase:firebase-auth:22.3.0] AndroidManifest.xml:33:13-44
107            android:theme="@android:style/Theme.Translucent.NoTitleBar" >
107-->[com.google.firebase:firebase-auth:22.3.0] AndroidManifest.xml:34:13-72
108            <intent-filter>
108-->[com.google.firebase:firebase-auth:22.3.0] AndroidManifest.xml:35:13-45:29
109                <action android:name="android.intent.action.VIEW" />
109-->[com.google.firebase:firebase-auth:22.3.0] AndroidManifest.xml:36:17-69
109-->[com.google.firebase:firebase-auth:22.3.0] AndroidManifest.xml:36:25-66
110
111                <category android:name="android.intent.category.DEFAULT" />
111-->[com.google.firebase:firebase-auth:22.3.0] AndroidManifest.xml:38:17-76
111-->[com.google.firebase:firebase-auth:22.3.0] AndroidManifest.xml:38:27-73
112                <category android:name="android.intent.category.BROWSABLE" />
112-->[com.google.firebase:firebase-auth:22.3.0] AndroidManifest.xml:39:17-78
112-->[com.google.firebase:firebase-auth:22.3.0] AndroidManifest.xml:39:27-75
113
114                <data
114-->[com.google.firebase:firebase-auth:22.3.0] AndroidManifest.xml:41:17-44:51
115                    android:host="firebase.auth"
115-->[com.google.firebase:firebase-auth:22.3.0] AndroidManifest.xml:42:21-49
116                    android:path="/"
116-->[com.google.firebase:firebase-auth:22.3.0] AndroidManifest.xml:43:21-37
117                    android:scheme="genericidp" />
117-->[com.google.firebase:firebase-auth:22.3.0] AndroidManifest.xml:44:21-48
118            </intent-filter>
119        </activity>
120        <activity
120-->[com.google.firebase:firebase-auth:22.3.0] AndroidManifest.xml:47:9-64:20
121            android:name="com.google.firebase.auth.internal.RecaptchaActivity"
121-->[com.google.firebase:firebase-auth:22.3.0] AndroidManifest.xml:48:13-79
122            android:excludeFromRecents="true"
122-->[com.google.firebase:firebase-auth:22.3.0] AndroidManifest.xml:49:13-46
123            android:exported="true"
123-->[com.google.firebase:firebase-auth:22.3.0] AndroidManifest.xml:50:13-36
124            android:launchMode="singleTask"
124-->[com.google.firebase:firebase-auth:22.3.0] AndroidManifest.xml:51:13-44
125            android:theme="@android:style/Theme.Translucent.NoTitleBar" >
125-->[com.google.firebase:firebase-auth:22.3.0] AndroidManifest.xml:52:13-72
126            <intent-filter>
126-->[com.google.firebase:firebase-auth:22.3.0] AndroidManifest.xml:53:13-63:29
127                <action android:name="android.intent.action.VIEW" />
127-->[com.google.firebase:firebase-auth:22.3.0] AndroidManifest.xml:36:17-69
127-->[com.google.firebase:firebase-auth:22.3.0] AndroidManifest.xml:36:25-66
128
129                <category android:name="android.intent.category.DEFAULT" />
129-->[com.google.firebase:firebase-auth:22.3.0] AndroidManifest.xml:38:17-76
129-->[com.google.firebase:firebase-auth:22.3.0] AndroidManifest.xml:38:27-73
130                <category android:name="android.intent.category.BROWSABLE" />
130-->[com.google.firebase:firebase-auth:22.3.0] AndroidManifest.xml:39:17-78
130-->[com.google.firebase:firebase-auth:22.3.0] AndroidManifest.xml:39:27-75
131
132                <data
132-->[com.google.firebase:firebase-auth:22.3.0] AndroidManifest.xml:41:17-44:51
133                    android:host="firebase.auth"
133-->[com.google.firebase:firebase-auth:22.3.0] AndroidManifest.xml:42:21-49
134                    android:path="/"
134-->[com.google.firebase:firebase-auth:22.3.0] AndroidManifest.xml:43:21-37
135                    android:scheme="recaptcha" />
135-->[com.google.firebase:firebase-auth:22.3.0] AndroidManifest.xml:44:21-48
136            </intent-filter>
137        </activity>
138
139        <service
139-->[com.google.firebase:firebase-auth:22.3.0] AndroidManifest.xml:66:9-72:19
140            android:name="com.google.firebase.components.ComponentDiscoveryService"
140-->[com.google.firebase:firebase-auth:22.3.0] AndroidManifest.xml:67:13-84
141            android:directBootAware="true"
141-->[com.google.firebase:firebase-common:20.4.2] AndroidManifest.xml:32:13-43
142            android:exported="false" >
142-->[com.google.firebase:firebase-auth:22.3.0] AndroidManifest.xml:68:13-37
143            <meta-data
143-->[com.google.firebase:firebase-auth:22.3.0] AndroidManifest.xml:69:13-71:85
144                android:name="com.google.firebase.components:com.google.firebase.auth.FirebaseAuthRegistrar"
144-->[com.google.firebase:firebase-auth:22.3.0] AndroidManifest.xml:70:17-109
145                android:value="com.google.firebase.components.ComponentRegistrar" />
145-->[com.google.firebase:firebase-auth:22.3.0] AndroidManifest.xml:71:17-82
146            <meta-data
146-->[com.google.firebase:firebase-firestore:24.10.0] AndroidManifest.xml:17:13-19:85
147                android:name="com.google.firebase.components:com.google.firebase.firestore.FirebaseFirestoreKtxRegistrar"
147-->[com.google.firebase:firebase-firestore:24.10.0] AndroidManifest.xml:18:17-122
148                android:value="com.google.firebase.components.ComponentRegistrar" />
148-->[com.google.firebase:firebase-firestore:24.10.0] AndroidManifest.xml:19:17-82
149            <meta-data
149-->[com.google.firebase:firebase-firestore:24.10.0] AndroidManifest.xml:20:13-22:85
150                android:name="com.google.firebase.components:com.google.firebase.firestore.FirestoreRegistrar"
150-->[com.google.firebase:firebase-firestore:24.10.0] AndroidManifest.xml:21:17-111
151                android:value="com.google.firebase.components.ComponentRegistrar" />
151-->[com.google.firebase:firebase-firestore:24.10.0] AndroidManifest.xml:22:17-82
152            <meta-data
152-->[com.google.android.gms:play-services-measurement-api:21.5.0] AndroidManifest.xml:37:13-39:85
153                android:name="com.google.firebase.components:com.google.firebase.analytics.connector.internal.AnalyticsConnectorRegistrar"
153-->[com.google.android.gms:play-services-measurement-api:21.5.0] AndroidManifest.xml:38:17-139
154                android:value="com.google.firebase.components.ComponentRegistrar" />
154-->[com.google.android.gms:play-services-measurement-api:21.5.0] AndroidManifest.xml:39:17-82
155            <meta-data
155-->[com.google.firebase:firebase-installations:17.2.0] AndroidManifest.xml:15:13-17:85
156                android:name="com.google.firebase.components:com.google.firebase.installations.FirebaseInstallationsKtxRegistrar"
156-->[com.google.firebase:firebase-installations:17.2.0] AndroidManifest.xml:16:17-130
157                android:value="com.google.firebase.components.ComponentRegistrar" />
157-->[com.google.firebase:firebase-installations:17.2.0] AndroidManifest.xml:17:17-82
158            <meta-data
158-->[com.google.firebase:firebase-installations:17.2.0] AndroidManifest.xml:18:13-20:85
159                android:name="com.google.firebase.components:com.google.firebase.installations.FirebaseInstallationsRegistrar"
159-->[com.google.firebase:firebase-installations:17.2.0] AndroidManifest.xml:19:17-127
160                android:value="com.google.firebase.components.ComponentRegistrar" />
160-->[com.google.firebase:firebase-installations:17.2.0] AndroidManifest.xml:20:17-82
161            <meta-data
161-->[com.google.firebase:firebase-common-ktx:20.4.2] AndroidManifest.xml:12:13-14:85
162                android:name="com.google.firebase.components:com.google.firebase.ktx.FirebaseCommonLegacyRegistrar"
162-->[com.google.firebase:firebase-common-ktx:20.4.2] AndroidManifest.xml:13:17-116
163                android:value="com.google.firebase.components.ComponentRegistrar" />
163-->[com.google.firebase:firebase-common-ktx:20.4.2] AndroidManifest.xml:14:17-82
164            <meta-data
164-->[com.google.firebase:firebase-common:20.4.2] AndroidManifest.xml:35:13-37:85
165                android:name="com.google.firebase.components:com.google.firebase.FirebaseCommonKtxRegistrar"
165-->[com.google.firebase:firebase-common:20.4.2] AndroidManifest.xml:36:17-109
166                android:value="com.google.firebase.components.ComponentRegistrar" />
166-->[com.google.firebase:firebase-common:20.4.2] AndroidManifest.xml:37:17-82
167        </service>
168
169        <activity
169-->[com.google.android.gms:play-services-base:18.5.0] AndroidManifest.xml:5:9-173
170            android:name="com.google.android.gms.common.api.GoogleApiActivity"
170-->[com.google.android.gms:play-services-base:18.5.0] AndroidManifest.xml:5:19-85
171            android:exported="false"
171-->[com.google.android.gms:play-services-base:18.5.0] AndroidManifest.xml:5:146-170
172            android:theme="@android:style/Theme.Translucent.NoTitleBar" />
172-->[com.google.android.gms:play-services-base:18.5.0] AndroidManifest.xml:5:86-145
173
174        <receiver
174-->[com.google.android.gms:play-services-measurement:21.5.0] AndroidManifest.xml:29:9-33:20
175            android:name="com.google.android.gms.measurement.AppMeasurementReceiver"
175-->[com.google.android.gms:play-services-measurement:21.5.0] AndroidManifest.xml:30:13-85
176            android:enabled="true"
176-->[com.google.android.gms:play-services-measurement:21.5.0] AndroidManifest.xml:31:13-35
177            android:exported="false" >
177-->[com.google.android.gms:play-services-measurement:21.5.0] AndroidManifest.xml:32:13-37
178        </receiver>
179
180        <service
180-->[com.google.android.gms:play-services-measurement:21.5.0] AndroidManifest.xml:35:9-38:40
181            android:name="com.google.android.gms.measurement.AppMeasurementService"
181-->[com.google.android.gms:play-services-measurement:21.5.0] AndroidManifest.xml:36:13-84
182            android:enabled="true"
182-->[com.google.android.gms:play-services-measurement:21.5.0] AndroidManifest.xml:37:13-35
183            android:exported="false" />
183-->[com.google.android.gms:play-services-measurement:21.5.0] AndroidManifest.xml:38:13-37
184        <service
184-->[com.google.android.gms:play-services-measurement:21.5.0] AndroidManifest.xml:39:9-43:72
185            android:name="com.google.android.gms.measurement.AppMeasurementJobService"
185-->[com.google.android.gms:play-services-measurement:21.5.0] AndroidManifest.xml:40:13-87
186            android:enabled="true"
186-->[com.google.android.gms:play-services-measurement:21.5.0] AndroidManifest.xml:41:13-35
187            android:exported="false"
187-->[com.google.android.gms:play-services-measurement:21.5.0] AndroidManifest.xml:42:13-37
188            android:permission="android.permission.BIND_JOB_SERVICE" />
188-->[com.google.android.gms:play-services-measurement:21.5.0] AndroidManifest.xml:43:13-69
189
190        <property
190-->[com.google.android.gms:play-services-measurement-api:21.5.0] AndroidManifest.xml:30:9-32:61
191            android:name="android.adservices.AD_SERVICES_CONFIG"
191-->[com.google.android.gms:play-services-measurement-api:21.5.0] AndroidManifest.xml:31:13-65
192            android:resource="@xml/ga_ad_services_config" />
192-->[com.google.android.gms:play-services-measurement-api:21.5.0] AndroidManifest.xml:32:13-58
193
194        <provider
194-->[com.google.firebase:firebase-common:20.4.2] AndroidManifest.xml:23:9-28:39
195            android:name="com.google.firebase.provider.FirebaseInitProvider"
195-->[com.google.firebase:firebase-common:20.4.2] AndroidManifest.xml:24:13-77
196            android:authorities="com.example.markr.firebaseinitprovider"
196-->[com.google.firebase:firebase-common:20.4.2] AndroidManifest.xml:25:13-72
197            android:directBootAware="true"
197-->[com.google.firebase:firebase-common:20.4.2] AndroidManifest.xml:26:13-43
198            android:exported="false"
198-->[com.google.firebase:firebase-common:20.4.2] AndroidManifest.xml:27:13-37
199            android:initOrder="100" />
199-->[com.google.firebase:firebase-common:20.4.2] AndroidManifest.xml:28:13-36
200
201        <uses-library
201-->[androidx.privacysandbox.ads:ads-adservices:1.0.0-beta05] AndroidManifest.xml:23:9-25:40
202            android:name="android.ext.adservices"
202-->[androidx.privacysandbox.ads:ads-adservices:1.0.0-beta05] AndroidManifest.xml:24:13-50
203            android:required="false" />
203-->[androidx.privacysandbox.ads:ads-adservices:1.0.0-beta05] AndroidManifest.xml:25:13-37
204
205        <provider
205-->[androidx.emoji2:emoji2:1.3.0] AndroidManifest.xml:24:9-32:20
206            android:name="androidx.startup.InitializationProvider"
206-->[androidx.emoji2:emoji2:1.3.0] AndroidManifest.xml:25:13-67
207            android:authorities="com.example.markr.androidx-startup"
207-->[androidx.emoji2:emoji2:1.3.0] AndroidManifest.xml:26:13-68
208            android:exported="false" >
208-->[androidx.emoji2:emoji2:1.3.0] AndroidManifest.xml:27:13-37
209            <meta-data
209-->[androidx.emoji2:emoji2:1.3.0] AndroidManifest.xml:29:13-31:52
210                android:name="androidx.emoji2.text.EmojiCompatInitializer"
210-->[androidx.emoji2:emoji2:1.3.0] AndroidManifest.xml:30:17-75
211                android:value="androidx.startup" />
211-->[androidx.emoji2:emoji2:1.3.0] AndroidManifest.xml:31:17-49
212            <meta-data
212-->[androidx.lifecycle:lifecycle-process:2.6.2] AndroidManifest.xml:29:13-31:52
213                android:name="androidx.lifecycle.ProcessLifecycleInitializer"
213-->[androidx.lifecycle:lifecycle-process:2.6.2] AndroidManifest.xml:30:17-78
214                android:value="androidx.startup" />
214-->[androidx.lifecycle:lifecycle-process:2.6.2] AndroidManifest.xml:31:17-49
215            <meta-data
215-->[androidx.profileinstaller:profileinstaller:1.4.0] AndroidManifest.xml:29:13-31:52
216                android:name="androidx.profileinstaller.ProfileInstallerInitializer"
216-->[androidx.profileinstaller:profileinstaller:1.4.0] AndroidManifest.xml:30:17-85
217                android:value="androidx.startup" />
217-->[androidx.profileinstaller:profileinstaller:1.4.0] AndroidManifest.xml:31:17-49
218        </provider>
219
220        <meta-data
220-->[com.google.android.gms:play-services-basement:18.4.0] AndroidManifest.xml:6:9-122
221            android:name="com.google.android.gms.version"
221-->[com.google.android.gms:play-services-basement:18.4.0] AndroidManifest.xml:6:20-65
222            android:value="@integer/google_play_services_version" />
222-->[com.google.android.gms:play-services-basement:18.4.0] AndroidManifest.xml:6:66-119
223
224        <receiver
224-->[androidx.profileinstaller:profileinstaller:1.4.0] AndroidManifest.xml:34:9-52:20
225            android:name="androidx.profileinstaller.ProfileInstallReceiver"
225-->[androidx.profileinstaller:profileinstaller:1.4.0] AndroidManifest.xml:35:13-76
226            android:directBootAware="false"
226-->[androidx.profileinstaller:profileinstaller:1.4.0] AndroidManifest.xml:36:13-44
227            android:enabled="true"
227-->[androidx.profileinstaller:profileinstaller:1.4.0] AndroidManifest.xml:37:13-35
228            android:exported="true"
228-->[androidx.profileinstaller:profileinstaller:1.4.0] AndroidManifest.xml:38:13-36
229            android:permission="android.permission.DUMP" >
229-->[androidx.profileinstaller:profileinstaller:1.4.0] AndroidManifest.xml:39:13-57
230            <intent-filter>
230-->[androidx.profileinstaller:profileinstaller:1.4.0] AndroidManifest.xml:40:13-42:29
231                <action android:name="androidx.profileinstaller.action.INSTALL_PROFILE" />
231-->[androidx.profileinstaller:profileinstaller:1.4.0] AndroidManifest.xml:41:17-91
231-->[androidx.profileinstaller:profileinstaller:1.4.0] AndroidManifest.xml:41:25-88
232            </intent-filter>
233            <intent-filter>
233-->[androidx.profileinstaller:profileinstaller:1.4.0] AndroidManifest.xml:43:13-45:29
234                <action android:name="androidx.profileinstaller.action.SKIP_FILE" />
234-->[androidx.profileinstaller:profileinstaller:1.4.0] AndroidManifest.xml:44:17-85
234-->[androidx.profileinstaller:profileinstaller:1.4.0] AndroidManifest.xml:44:25-82
235            </intent-filter>
236            <intent-filter>
236-->[androidx.profileinstaller:profileinstaller:1.4.0] AndroidManifest.xml:46:13-48:29
237                <action android:name="androidx.profileinstaller.action.SAVE_PROFILE" />
237-->[androidx.profileinstaller:profileinstaller:1.4.0] AndroidManifest.xml:47:17-88
237-->[androidx.profileinstaller:profileinstaller:1.4.0] AndroidManifest.xml:47:25-85
238            </intent-filter>
239            <intent-filter>
239-->[androidx.profileinstaller:profileinstaller:1.4.0] AndroidManifest.xml:49:13-51:29
240                <action android:name="androidx.profileinstaller.action.BENCHMARK_OPERATION" />
240-->[androidx.profileinstaller:profileinstaller:1.4.0] AndroidManifest.xml:50:17-95
240-->[androidx.profileinstaller:profileinstaller:1.4.0] AndroidManifest.xml:50:25-92
241            </intent-filter>
242        </receiver>
243    </application>
244
245</manifest>